ERROR - 2022-07-08 08:25:48 --> Error connecting to the database: Unknown database 'loket'
CRITICAL - 2022-07-08 08:25:48 --> Unable to connect to the database.
Main connection [MySQLi]: Unknown database 'loket'
#0 C:\xampp\htdocs\UASFERDIPEMWEB\ci4\system\Database\BaseConnection.php(577): CodeIgniter\Database\BaseConnection->initialize()
#1 C:\xampp\htdocs\UASFERDIPEMWEB\ci4\system\Database\BaseBuilder.php(1455): CodeIgniter\Database\BaseConnection->query('SELECT *\nFROM `...', Array, false)
#2 C:\xampp\htdocs\UASFERDIPEMWEB\ci4\system\Model.php(145): CodeIgniter\Database\BaseBuilder->get()
#3 C:\xampp\htdocs\UASFERDIPEMWEB\ci4\system\BaseModel.php(523): CodeIgniter\Model->doFind(false, NULL)
#4 C:\xampp\htdocs\UASFERDIPEMWEB\ci4\app\Controllers\Home.php(14): CodeIgniter\BaseModel->find()
#5 C:\xampp\htdocs\UASFERDIPEMWEB\ci4\system\CodeIgniter.php(832): App\Controllers\Home->index()
#6 C:\xampp\htdocs\UASFERDIPEMWEB\ci4\system\CodeIgniter.php(419): CodeIgniter\CodeIgniter->runController(Object(App\Controllers\Home))
#7 C:\xampp\htdocs\UASFERDIPEMWEB\ci4\system\CodeIgniter.php(326): CodeIgniter\CodeIgniter->handleRequest(NULL, Object(Config\Cache), false)
#8 C:\xampp\htdocs\UASFERDIPEMWEB\ci4\public\index.php(37): CodeIgniter\CodeIgniter->run()
#9 C:\xampp\htdocs\UASFERDIPEMWEB\ci4\system\Commands\Server\rewrite.php(43): require_once('C:\\xampp\\htdocs...')
#10 {main}
ERROR - 2022-07-08 08:26:43 --> Error connecting to the database: Unknown database 'loket'
CRITICAL - 2022-07-08 08:26:43 --> Unable to connect to the database.
Main connection [MySQLi]: Unknown database 'loket'
#0 C:\xampp\htdocs\UASFERDIPEMWEB\ci4\system\Database\BaseConnection.php(577): CodeIgniter\Database\BaseConnection->initialize()
#1 C:\xampp\htdocs\UASFERDIPEMWEB\ci4\system\Database\BaseBuilder.php(1455): CodeIgniter\Database\BaseConnection->query('SELECT *\nFROM `...', Array, false)
#2 C:\xampp\htdocs\UASFERDIPEMWEB\ci4\system\Model.php(145): CodeIgniter\Database\BaseBuilder->get()
#3 C:\xampp\htdocs\UASFERDIPEMWEB\ci4\system\BaseModel.php(523): CodeIgniter\Model->doFind(false, NULL)
#4 C:\xampp\htdocs\UASFERDIPEMWEB\ci4\app\Controllers\Home.php(14): CodeIgniter\BaseModel->find()
#5 C:\xampp\htdocs\UASFERDIPEMWEB\ci4\system\CodeIgniter.php(832): App\Controllers\Home->index()
#6 C:\xampp\htdocs\UASFERDIPEMWEB\ci4\system\CodeIgniter.php(419): CodeIgniter\CodeIgniter->runController(Object(App\Controllers\Home))
#7 C:\xampp\htdocs\UASFERDIPEMWEB\ci4\system\CodeIgniter.php(326): CodeIgniter\CodeIgniter->handleRequest(NULL, Object(Config\Cache), false)
#8 C:\xampp\htdocs\UASFERDIPEMWEB\ci4\public\index.php(37): CodeIgniter\CodeIgniter->run()
#9 C:\xampp\htdocs\UASFERDIPEMWEB\ci4\system\Commands\Server\rewrite.php(43): require_once('C:\\xampp\\htdocs...')
#10 {main}
ERROR - 2022-07-08 08:26:54 --> Error connecting to the database: Unknown database 'loket'
CRITICAL - 2022-07-08 08:26:54 --> Unable to connect to the database.
Main connection [MySQLi]: Unknown database 'loket'
#0 C:\xampp\htdocs\UASFERDIPEMWEB\ci4\system\Database\BaseConnection.php(577): CodeIgniter\Database\BaseConnection->initialize()
#1 C:\xampp\htdocs\UASFERDIPEMWEB\ci4\system\Database\BaseBuilder.php(1455): CodeIgniter\Database\BaseConnection->query('SELECT *\nFROM `...', Array, false)
#2 C:\xampp\htdocs\UASFERDIPEMWEB\ci4\system\Model.php(145): CodeIgniter\Database\BaseBuilder->get()
#3 C:\xampp\htdocs\UASFERDIPEMWEB\ci4\system\BaseModel.php(523): CodeIgniter\Model->doFind(false, NULL)
#4 C:\xampp\htdocs\UASFERDIPEMWEB\ci4\app\Controllers\Home.php(14): CodeIgniter\BaseModel->find()
#5 C:\xampp\htdocs\UASFERDIPEMWEB\ci4\system\CodeIgniter.php(832): App\Controllers\Home->index()
#6 C:\xampp\htdocs\UASFERDIPEMWEB\ci4\system\CodeIgniter.php(419): CodeIgniter\CodeIgniter->runController(Object(App\Controllers\Home))
#7 C:\xampp\htdocs\UASFERDIPEMWEB\ci4\system\CodeIgniter.php(326): CodeIgniter\CodeIgniter->handleRequest(NULL, Object(Config\Cache), false)
#8 C:\xampp\htdocs\UASFERDIPEMWEB\ci4\public\index.php(37): CodeIgniter\CodeIgniter->run()
#9 C:\xampp\htdocs\UASFERDIPEMWEB\ci4\system\Commands\Server\rewrite.php(43): require_once('C:\\xampp\\htdocs...')
#10 {main}
ERROR - 2022-07-08 08:27:24 --> Error connecting to the database: Unknown database 'loket'
CRITICAL - 2022-07-08 08:27:24 --> Unable to connect to the database.
Main connection [MySQLi]: Unknown database 'loket'
#0 C:\xampp\htdocs\UASFERDIPEMWEB\ci4\system\Database\BaseConnection.php(577): CodeIgniter\Database\BaseConnection->initialize()
#1 C:\xampp\htdocs\UASFERDIPEMWEB\ci4\system\Database\BaseBuilder.php(1455): CodeIgniter\Database\BaseConnection->query('SELECT *\nFROM `...', Array, false)
#2 C:\xampp\htdocs\UASFERDIPEMWEB\ci4\system\Model.php(145): CodeIgniter\Database\BaseBuilder->get()
#3 C:\xampp\htdocs\UASFERDIPEMWEB\ci4\system\BaseModel.php(523): CodeIgniter\Model->doFind(false, NULL)
#4 C:\xampp\htdocs\UASFERDIPEMWEB\ci4\app\Controllers\Home.php(14): CodeIgniter\BaseModel->find()
#5 C:\xampp\htdocs\UASFERDIPEMWEB\ci4\system\CodeIgniter.php(832): App\Controllers\Home->index()
#6 C:\xampp\htdocs\UASFERDIPEMWEB\ci4\system\CodeIgniter.php(419): CodeIgniter\CodeIgniter->runController(Object(App\Controllers\Home))
#7 C:\xampp\htdocs\UASFERDIPEMWEB\ci4\system\CodeIgniter.php(326): CodeIgniter\CodeIgniter->handleRequest(NULL, Object(Config\Cache), false)
#8 C:\xampp\htdocs\UASFERDIPEMWEB\ci4\public\index.php(37): CodeIgniter\CodeIgniter->run()
#9 C:\xampp\htdocs\UASFERDIPEMWEB\ci4\system\Commands\Server\rewrite.php(43): require_once('C:\\xampp\\htdocs...')
#10 {main}
ERROR - 2022-07-08 08:27:48 --> Error connecting to the database: Unknown database 'loket'
CRITICAL - 2022-07-08 08:27:48 --> Unable to connect to the database.
Main connection [MySQLi]: Unknown database 'loket'
#0 C:\xampp\htdocs\UASFERDIPEMWEB\ci4\system\Database\BaseConnection.php(577): CodeIgniter\Database\BaseConnection->initialize()
#1 C:\xampp\htdocs\UASFERDIPEMWEB\ci4\system\Database\BaseBuilder.php(1455): CodeIgniter\Database\BaseConnection->query('SELECT *\nFROM `...', Array, false)
#2 C:\xampp\htdocs\UASFERDIPEMWEB\ci4\system\Model.php(145): CodeIgniter\Database\BaseBuilder->get()
#3 C:\xampp\htdocs\UASFERDIPEMWEB\ci4\system\BaseModel.php(523): CodeIgniter\Model->doFind(false, NULL)
#4 C:\xampp\htdocs\UASFERDIPEMWEB\ci4\app\Controllers\Home.php(14): CodeIgniter\BaseModel->find()
#5 C:\xampp\htdocs\UASFERDIPEMWEB\ci4\system\CodeIgniter.php(832): App\Controllers\Home->index()
#6 C:\xampp\htdocs\UASFERDIPEMWEB\ci4\system\CodeIgniter.php(419): CodeIgniter\CodeIgniter->runController(Object(App\Controllers\Home))
#7 C:\xampp\htdocs\UASFERDIPEMWEB\ci4\system\CodeIgniter.php(326): CodeIgniter\CodeIgniter->handleRequest(NULL, Object(Config\Cache), false)
#8 C:\xampp\htdocs\UASFERDIPEMWEB\ci4\public\index.php(37): CodeIgniter\CodeIgniter->run()
#9 C:\xampp\htdocs\UASFERDIPEMWEB\ci4\system\Commands\Server\rewrite.php(43): require_once('C:\\xampp\\htdocs...')
#10 {main}
ERROR - 2022-07-08 08:27:49 --> Error connecting to the database: Unknown database 'loket'
CRITICAL - 2022-07-08 08:27:49 --> Unable to connect to the database.
Main connection [MySQLi]: Unknown database 'loket'
#0 C:\xampp\htdocs\UASFERDIPEMWEB\ci4\system\Database\BaseConnection.php(577): CodeIgniter\Database\BaseConnection->initialize()
#1 C:\xampp\htdocs\UASFERDIPEMWEB\ci4\system\Database\BaseBuilder.php(1455): CodeIgniter\Database\BaseConnection->query('SELECT *\nFROM `...', Array, false)
#2 C:\xampp\htdocs\UASFERDIPEMWEB\ci4\system\Model.php(145): CodeIgniter\Database\BaseBuilder->get()
#3 C:\xampp\htdocs\UASFERDIPEMWEB\ci4\system\BaseModel.php(523): CodeIgniter\Model->doFind(false, NULL)
#4 C:\xampp\htdocs\UASFERDIPEMWEB\ci4\app\Controllers\Home.php(14): CodeIgniter\BaseModel->find()
#5 C:\xampp\htdocs\UASFERDIPEMWEB\ci4\system\CodeIgniter.php(832): App\Controllers\Home->index()
#6 C:\xampp\htdocs\UASFERDIPEMWEB\ci4\system\CodeIgniter.php(419): CodeIgniter\CodeIgniter->runController(Object(App\Controllers\Home))
#7 C:\xampp\htdocs\UASFERDIPEMWEB\ci4\system\CodeIgniter.php(326): CodeIgniter\CodeIgniter->handleRequest(NULL, Object(Config\Cache), false)
#8 C:\xampp\htdocs\UASFERDIPEMWEB\ci4\public\index.php(37): CodeIgniter\CodeIgniter->run()
#9 C:\xampp\htdocs\UASFERDIPEMWEB\ci4\system\Commands\Server\rewrite.php(43): require_once('C:\\xampp\\htdocs...')
#10 {main}
CRITICAL - 2022-07-08 08:47:51 --> Trying to access array offset on value of type null
#0 C:\xampp\htdocs\UASFERDIPEMWEB\ci4\app\Views\dashboard\dashboard.php(37): CodeIgniter\Debug\Exceptions->errorHandler(2, 'Trying to acces...', 'C:\\xampp\\htdocs...', 37)
#1 C:\xampp\htdocs\UASFERDIPEMWEB\ci4\system\View\View.php(210): include('C:\\xampp\\htdocs...')
#2 C:\xampp\htdocs\UASFERDIPEMWEB\ci4\system\View\View.php(213): CodeIgniter\View\View->CodeIgniter\View\{closure}()
#3 C:\xampp\htdocs\UASFERDIPEMWEB\ci4\system\Common.php(1089): CodeIgniter\View\View->render('dashboard/dashb...', Array, true)
#4 C:\xampp\htdocs\UASFERDIPEMWEB\ci4\app\Controllers\Home.php(32): view('dashboard/dashb...', Array)
#5 C:\xampp\htdocs\UASFERDIPEMWEB\ci4\system\CodeIgniter.php(832): App\Controllers\Home->index()
#6 C:\xampp\htdocs\UASFERDIPEMWEB\ci4\system\CodeIgniter.php(419): CodeIgniter\CodeIgniter->runController(Object(App\Controllers\Home))
#7 C:\xampp\htdocs\UASFERDIPEMWEB\ci4\system\CodeIgniter.php(326): CodeIgniter\CodeIgniter->handleRequest(NULL, Object(Config\Cache), false)
#8 C:\xampp\htdocs\UASFERDIPEMWEB\ci4\public\index.php(37): CodeIgniter\CodeIgniter->run()
#9 C:\xampp\htdocs\UASFERDIPEMWEB\ci4\system\Commands\Server\rewrite.php(43): require_once('C:\\xampp\\htdocs...')
#10 {main}
CRITICAL - 2022-07-08 08:47:57 --> Trying to access array offset on value of type null
#0 C:\xampp\htdocs\UASFERDIPEMWEB\ci4\app\Views\dashboard\dashboard.php(37): CodeIgniter\Debug\Exceptions->errorHandler(2, 'Trying to acces...', 'C:\\xampp\\htdocs...', 37)
#1 C:\xampp\htdocs\UASFERDIPEMWEB\ci4\system\View\View.php(210): include('C:\\xampp\\htdocs...')
#2 C:\xampp\htdocs\UASFERDIPEMWEB\ci4\system\View\View.php(213): CodeIgniter\View\View->CodeIgniter\View\{closure}()
#3 C:\xampp\htdocs\UASFERDIPEMWEB\ci4\system\Common.php(1089): CodeIgniter\View\View->render('dashboard/dashb...', Array, true)
#4 C:\xampp\htdocs\UASFERDIPEMWEB\ci4\app\Controllers\Home.php(32): view('dashboard/dashb...', Array)
#5 C:\xampp\htdocs\UASFERDIPEMWEB\ci4\system\CodeIgniter.php(832): App\Controllers\Home->index()
#6 C:\xampp\htdocs\UASFERDIPEMWEB\ci4\system\CodeIgniter.php(419): CodeIgniter\CodeIgniter->runController(Object(App\Controllers\Home))
#7 C:\xampp\htdocs\UASFERDIPEMWEB\ci4\system\CodeIgniter.php(326): CodeIgniter\CodeIgniter->handleRequest(NULL, Object(Config\Cache), false)
#8 C:\xampp\htdocs\UASFERDIPEMWEB\ci4\public\index.php(37): CodeIgniter\CodeIgniter->run()
#9 C:\xampp\htdocs\UASFERDIPEMWEB\ci4\system\Commands\Server\rewrite.php(43): require_once('C:\\xampp\\htdocs...')
#10 {main}
